<?xml version="1.0" encoding="UTF-8"?>
<!-- Generated by org.testng.reporters.JUnitXMLReporter -->
<testsuite hostname="DESKTOP-BCB52JF" ignored="0" name="Test" tests="4" failures="0" timestamp="2021-01-06T16:16:34 IST" time="151.994" errors="0">
  <testcase name="Home" time="6.567" classname="Framework.project.HomePage"/>
  <testcase name="Home" time="6.449" classname="Framework.project.HomePage"/>
  <testcase name="validateTitle" time="0.514" classname="Framework.project.VerifyTitle"/>
  <testcase name="validateTitle" time="26.232" classname="Framework.project.VerifyNav"/>
</testsuite> <!-- Test -->
