<?xml version="1.0" encoding="UTF-8"?>
<testsuite xmlns:xsi="http://www.w3.org/2001/XMLSchema-instance" xsi:noNamespaceSchemaLocation="https://maven.apache.org/surefire/maven-surefire-plugin/xsd/surefire-test-report-3.0.xsd" version="3.0" name="TestSuite" time="102.58" tests="3" errors="0" skipped="0" failures="1">
  <properties>
[...]
</properties>
  <testcase name="validateNav" classname="Framework.project.VerifyNav" time="0.07">
    <system-out><![CDATA[15:49:28.847 [TestNG-tests-1] ERROR resources.base - Verify nav initialized
15:49:29.466 [TestNG-tests-1] WARN  resources.base - vverify nav
]]></system-out>
    <system-err><![CDATA[Starting ChromeDriver 87.0.4280.88 (89e2380a3e36c3464b5dd1302349b1382549290d-refs/branch-heads/4280@{#1761}) on port 5038
Only local connections are allowed.
Please see https://chromedriver.chromium.org/security-considerations for suggestions on keeping ChromeDriver safe.
Starting ChromeDriver 87.0.4280.88 (89e2380a3e36c3464b5dd1302349b1382549290d-refs/branch-heads/4280@{#1761}) on port 16966
Only local connections are allowed.
Please see https://chromedriver.chromium.org/security-considerations for suggestions on keeping ChromeDriver safe.
Starting ChromeDriver 87.0.4280.88 (89e2380a3e36c3464b5dd1302349b1382549290d-refs/branch-heads/4280@{#1761}) on port 24106
Only local connections are allowed.
Please see https://chromedriver.chromium.org/security-considerations for suggestions on keeping ChromeDriver safe.
ChromeDriver was started successfully.
ChromeDriver was started successfully.
ChromeDriver was started successfully.
Jan 07, 2021 3:49:10 PM org.openqa.selenium.remote.ProtocolHandshake createSession
INFO: Detected dialect: W3C
Jan 07, 2021 3:49:11 PM org.openqa.selenium.remote.ProtocolHandshake createSession
INFO: Detected dialect: W3C
Jan 07, 2021 3:49:13 PM org.openqa.selenium.remote.ProtocolHandshake createSession
INFO: Detected dialect: W3C
]]></system-err>
  </testcase>
  <testcase name="validateTitle" classname="Framework.project.VerifyTitle" time="0.001">
    <failure message="expected [false] but found [true]" type="java.lang.AssertionError"><![CDATA[java.lang.AssertionError: expected [false] but found [true]
	at Framework.project.VerifyTitle.validateTitle(VerifyTitle.java:39)
]]></failure>
    <system-out><![CDATA[15:49:32.000 [TestNG-tests-1] DEBUG resources.base - finished verify nav
15:49:32.360 [TestNG-tests-3] INFO  resources.base - verify title initialized
15:49:32.365 [TestNG-tests-3] WARN  resources.base - verify title
15:49:33.844 [TestNG-tests-2] INFO  resources.base - Home page initialized
]]></system-out>
  </testcase>
  <testcase name="Home" classname="Framework.project.HomePage" time="0.717">
    <system-out><![CDATA[15:49:37.019 [TestNG-tests-3] DEBUG resources.base - finished verifyTitle
15:49:45.379 [TestNG-tests-2] WARN  resources.base - invalid cred
15:49:47.234 [TestNG-tests-2] INFO  resources.base - good
]]></system-out>
  </testcase>
</testsuite>